  [1m[36mActiveRecord::SchemaMigration Load (0.6ms)[0m  [1m[34mSELECT "schema_migrations".* FROM "schema_migrations"[0m
  [1m[35m (0.4ms)[0m  [1m[34mSELECT "ar_internal_metadata"."value" FROM "ar_internal_metadata" WHERE "ar_internal_metadata"."key" = $1[0m  [["key", :environment]]
  [1m[36mActiveRecord::SchemaMigration Load (0.2ms)[0m  [1m[34mSELECT "schema_migrations".* FROM "schema_migrations"[0m
  [1m[35m (0.2ms)[0m  [1m[34mSELECT "ar_internal_metadata"."value" FROM "ar_internal_metadata" WHERE "ar_internal_metadata"."key" = $1[0m  [["key", :environment]]
  [1m[36mActiveRecord::SchemaMigration Load (0.1ms)[0m  [1m[34mSELECT "schema_migrations".* FROM "schema_migrations"[0m
  [1m[35m (0.1ms)[0m  [1m[34mSELECT "ar_internal_metadata"."value" FROM "ar_internal_metadata" WHERE "ar_internal_metadata"."key" = $1[0m  [["key", :environment]]
  [1m[35m (125.6ms)[0m  [1m[35mDROP DATABASE IF EXISTS "public-art_development"[0m
  [1m[35m (122.6ms)[0m  [1m[35mDROP DATABASE IF EXISTS "public-art_test"[0m
  [1m[35m (4.8ms)[0m  [1m[35mCREATE TABLE "schema_migrations" ("version" character varying PRIMARY KEY)[0m
  [1m[35m (2.5ms)[0m  [1m[35mCREATE TABLE "ar_internal_metadata" ("key" character varying PRIMARY KEY, "value" character varying, "created_at" timestamp NOT NULL, "updated_at" timestamp NOT NULL)[0m
  [1m[35m (0.2ms)[0m  [1m[34mSELECT pg_try_advisory_lock(6842363107111561470);[0m
  [1m[36mActiveRecord::SchemaMigration Load (0.3ms)[0m  [1m[34mSELECT "schema_migrations".* FROM "schema_migrations"[0m
Migrating to DeviseCreateUsers (20170301222957)
  [1m[35m (0.1ms)[0m  [1m[35mBEGIN[0m
  [1m[35m (3.3ms)[0m  [1m[35mCREATE TABLE "users" ("id" serial primary key, "email" character varying DEFAULT '' NOT NULL, "encrypted_password" character varying DEFAULT '' NOT NULL, "reset_password_token" character varying, "reset_password_sent_at" timestamp, "remember_created_at" timestamp, "sign_in_count" integer DEFAULT 0 NOT NULL, "current_sign_in_at" timestamp, "last_sign_in_at" timestamp, "current_sign_in_ip" inet, "last_sign_in_ip" inet, "created_at" timestamp NOT NULL, "updated_at" timestamp NOT NULL)[0m
  [1m[35m (0.9ms)[0m  [1m[35mCREATE UNIQUE INDEX  "index_users_on_email" ON "users"  ("email")[0m
  [1m[35m (0.8ms)[0m  [1m[35mCREATE UNIQUE INDEX  "index_users_on_reset_password_token" ON "users"  ("reset_password_token")[0m
  [1m[35mSQL (0.4ms)[0m  [1m[32mINSERT INTO "schema_migrations" ("version") VALUES ($1) RETURNING "version"[0m  [["version", "20170301222957"]]
  [1m[35m (0.5ms)[0m  [1m[35mCOMMIT[0m
Migrating to CreateLocations (20170301225833)
  [1m[35m (0.2ms)[0m  [1m[35mBEGIN[0m
  [1m[35m (2.7ms)[0m  [1m[35mCREATE TABLE "locations" ("id" serial primary key, "title" text, "description" text, "address" text, "created_at" timestamp NOT NULL, "updated_at" timestamp NOT NULL)[0m
  [1m[35mSQL (0.3ms)[0m  [1m[32mINSERT INTO "schema_migrations" ("version") VALUES ($1) RETURNING "version"[0m  [["version", "20170301225833"]]
  [1m[35m (0.5ms)[0m  [1m[35mCOMMIT[0m
Migrating to AddLatAndLngToLocations (20170307214317)
  [1m[35m (0.4ms)[0m  [1m[35mBEGIN[0m
  [1m[35m (0.4ms)[0m  [1m[35mALTER TABLE "locations" ADD "latitude" float[0m
  [1m[35m (0.3ms)[0m  [1m[35mALTER TABLE "locations" ADD "longitude" float[0m
  [1m[35mSQL (0.3ms)[0m  [1m[32mINSERT INTO "schema_migrations" ("version") VALUES ($1) RETURNING "version"[0m  [["version", "20170307214317"]]
  [1m[35m (0.8ms)[0m  [1m[35mCOMMIT[0m
  [1m[36mActiveRecord::InternalMetadata Load (0.4ms)[0m  [1m[34mSELECT  "ar_internal_metadata".* FROM "ar_internal_metadata" WHERE "ar_internal_metadata"."key" = $1 LIMIT $2[0m  [["key", :environment], ["LIMIT", 1]]
  [1m[35m (0.1ms)[0m  [1m[35mBEGIN[0m
  [1m[35mSQL (0.3ms)[0m  [1m[32mINSERT INTO "ar_internal_metadata" ("key", "value", "created_at", "updated_at") VALUES ($1, $2, $3, $4) RETURNING "key"[0m  [["key", "environment"], ["value", "development"], ["created_at", 2017-03-29 20:38:20 UTC], ["updated_at", 2017-03-29 20:38:20 UTC]]
  [1m[35m (0.3ms)[0m  [1m[35mCOMMIT[0m
  [1m[35m (0.2ms)[0m  [1m[34mSELECT pg_advisory_unlock(6842363107111561470)[0m
  [1m[36mActiveRecord::SchemaMigration Load (0.2ms)[0m  [1m[34mSELECT "schema_migrations".* FROM "schema_migrations"[0m
  [1m[36mActiveRecord::SchemaMigration Load (0.4ms)[0m  [1m[34mSELECT "schema_migrations".* FROM "schema_migrations"[0m
Started GET "/" for ::1 at 2017-03-29 15:41:00 -0500
  [1m[36mActiveRecord::SchemaMigration Load (0.4ms)[0m  [1m[34mSELECT "schema_migrations".* FROM "schema_migrations"[0m
Processing by LocationsController#index as HTML
  [1m[36mUser Load (1.9ms)[0m  [1m[34mSELECT  "users".* FROM "users" WHERE "users"."id" = $1 ORDER BY "users"."id" ASC LIMIT $2[0m  [["id", 1], ["LIMIT", 1]]
Completed 401 Unauthorized in 29ms (ActiveRecord: 5.3ms)


Started GET "/users/sign_in" for ::1 at 2017-03-29 15:41:00 -0500
Processing by Devise::SessionsController#new as HTML
  Rendering devise/sessions/new.html.erb within layouts/application
  Rendered /usr/local/var/rbenv/versions/2.4.0/lib/ruby/gems/2.4.0/gems/devise-4.2.0/app/views/devise/shared/_links.html.erb (1.2ms)
  Rendered devise/sessions/new.html.erb within layouts/application (26.0ms)
Started GET "/" for ::1 at 2017-03-29 15:41:01 -0500
Processing by LocationsController#index as HTML
Completed 401 Unauthorized in 1ms (ActiveRecord: 0.0ms)


Started GET "/users/sign_in" for ::1 at 2017-03-29 15:41:01 -0500
Processing by Devise::SessionsController#new as HTML
  Rendering devise/sessions/new.html.erb within layouts/application
  Rendered /usr/local/var/rbenv/versions/2.4.0/lib/ruby/gems/2.4.0/gems/devise-4.2.0/app/views/devise/shared/_links.html.erb (1.6ms)
  Rendered devise/sessions/new.html.erb within layouts/application (11.7ms)
  Rendered layouts/_header.html.erb (0.8ms)
Completed 200 OK in 594ms (Views: 581.0ms | ActiveRecord: 0.0ms)


  Rendered layouts/_header.html.erb (1.2ms)
Completed 200 OK in 207ms (Views: 206.1ms | ActiveRecord: 0.0ms)


Started GET "/users/sign_up" for ::1 at 2017-03-29 15:41:03 -0500
Processing by Devise::RegistrationsController#new as HTML
  Rendering devise/registrations/new.html.erb within layouts/application
  Rendered /usr/local/var/rbenv/versions/2.4.0/lib/ruby/gems/2.4.0/gems/devise-4.2.0/app/views/devise/shared/_links.html.erb (1.4ms)
  Rendered devise/registrations/new.html.erb within layouts/application (10.9ms)
  Rendered layouts/_header.html.erb (1.7ms)
Completed 200 OK in 49ms (Views: 46.2ms | ActiveRecord: 0.0ms)


Started POST "/users" for ::1 at 2017-03-29 15:41:11 -0500
Processing by Devise::RegistrationsController#create as HTML
  Parameters: {"utf8"=>"✓", "authenticity_token"=>"bXZkSZncmbPa5pkLkPeGkTL5N3KiuHRWKnBiXz2LzsQ5bM4vGfp9L7jxZl+aekmB7EbGhfPEGKIWCgEbxoMPew==", "user"=>{"email"=>"jon@codeplatoon.org", "password"=>"[FILTERED]", "password_confirmation"=>"[FILTERED]"}, "commit"=>"Sign Up"}
  [1m[35m (0.2ms)[0m  [1m[35mBEGIN[0m
  [1m[36mUser Exists (0.9ms)[0m  [1m[34mSELECT  1 AS one FROM "users" WHERE "users"."email" = $1 LIMIT $2[0m  [["email", "jon@codeplatoon.org"], ["LIMIT", 1]]
  [1m[35mSQL (0.9ms)[0m  [1m[32mINSERT INTO "users" ("email", "encrypted_password", "created_at", "updated_at") VALUES ($1, $2, $3, $4) RETURNING "id"[0m  [["email", "jon@codeplatoon.org"], ["encrypted_password", "$2a$11$UyqKmSwKrEVr/KCQGo/04e.1LV2zBimQN81wAd2llxF0A0vIUD.1K"], ["created_at", 2017-03-29 20:41:11 UTC], ["updated_at", 2017-03-29 20:41:11 UTC]]
  [1m[35m (0.5ms)[0m  [1m[35mCOMMIT[0m
  [1m[35m (0.1ms)[0m  [1m[35mBEGIN[0m
  [1m[35mSQL (0.6ms)[0m  [1m[33mUPDATE "users" SET "sign_in_count" = $1, "current_sign_in_at" = $2, "last_sign_in_at" = $3, "current_sign_in_ip" = $4, "last_sign_in_ip" = $5, "updated_at" = $6 WHERE "users"."id" = $7[0m  [["sign_in_count", 1], ["current_sign_in_at", 2017-03-29 20:41:11 UTC], ["last_sign_in_at", 2017-03-29 20:41:11 UTC], ["current_sign_in_ip", "::1/128"], ["last_sign_in_ip", "::1/128"], ["updated_at", 2017-03-29 20:41:11 UTC], ["id", 1]]
  [1m[35m (0.4ms)[0m  [1m[35mCOMMIT[0m
Redirected to http://localhost:3000/
Completed 302 Found in 246ms (ActiveRecord: 3.5ms)


Started GET "/" for ::1 at 2017-03-29 15:41:11 -0500
Processing by LocationsController#index as HTML
  [1m[36mUser Load (0.6ms)[0m  [1m[34mSELECT  "users".* FROM "users" WHERE "users"."id" = $1 ORDER BY "users"."id" ASC LIMIT $2[0m  [["id", 1], ["LIMIT", 1]]
  Rendering locations/index.html.erb within layouts/application
  [1m[36mLocation Load (0.7ms)[0m  [1m[34mSELECT "locations".* FROM "locations"[0m
  Rendered locations/index.html.erb within layouts/application (3.7ms)
  Rendered layouts/_header.html.erb (1.3ms)
Completed 200 OK in 54ms (Views: 29.3ms | ActiveRecord: 2.2ms)


Started GET "/locations/new" for ::1 at 2017-03-29 15:41:13 -0500
Processing by LocationsController#new as HTML
  [1m[36mUser Load (0.9ms)[0m  [1m[34mSELECT  "users".* FROM "users" WHERE "users"."id" = $1 ORDER BY "users"."id" ASC LIMIT $2[0m  [["id", 1], ["LIMIT", 1]]
  Rendering locations/new.html.erb within layouts/application
  Rendered locations/_form.html.erb (4.5ms)
  Rendered locations/new.html.erb within layouts/application (6.8ms)
  Rendered layouts/_header.html.erb (1.4ms)
Completed 200 OK in 46ms (Views: 29.2ms | ActiveRecord: 4.6ms)


Started POST "/locations" for ::1 at 2017-03-29 15:41:28 -0500
Processing by LocationsController#create as HTML
  Parameters: {"utf8"=>"✓", "authenticity_token"=>"gwDfeXXLxd0GXQREg6/s/xhIJl6zUQ5dbeKemVIr1SPXGnUf9e0hQWRK+xCJIiPvxvfXqeItYqlRmP3dqSMUnA==", "location"=>{"title"=>"Millennium Park", "address"=>"Millenium Park, Chicago", "description"=>"Cloud Gate"}, "commit"=>"Create Location"}
  [1m[36mUser Load (4.4ms)[0m  [1m[34mSELECT  "users".* FROM "users" WHERE "users"."id" = $1 ORDER BY "users"."id" ASC LIMIT $2[0m  [["id", 1], ["LIMIT", 1]]
Completed 500 Internal Server Error in 12ms (ActiveRecord: 4.4ms)


  
SyntaxError (/Users/jyoung/Desktop/public-art-delayed/app/services/creates_location.rb:31: syntax error, unexpected end-of-input, expecting keyword_end):
  
app/services/creates_location.rb:31: syntax error, unexpected end-of-input, expecting keyword_end
app/controllers/locations_controller.rb:24:in `create'
  Rendering /usr/local/var/rbenv/versions/2.4.0/lib/ruby/gems/2.4.0/gems/actionpack-5.0.1/lib/action_dispatch/middleware/templates/rescues/diagnostics.html.erb within rescues/layout
  Rendering /usr/local/var/rbenv/versions/2.4.0/lib/ruby/gems/2.4.0/gems/actionpack-5.0.1/lib/action_dispatch/middleware/templates/rescues/_source.html.erb
  Rendered /usr/local/var/rbenv/versions/2.4.0/lib/ruby/gems/2.4.0/gems/actionpack-5.0.1/lib/action_dispatch/middleware/templates/rescues/_source.html.erb (5.9ms)
  Rendering /usr/local/var/rbenv/versions/2.4.0/lib/ruby/gems/2.4.0/gems/actionpack-5.0.1/lib/action_dispatch/middleware/templates/rescues/_trace.html.erb
  Rendered /usr/local/var/rbenv/versions/2.4.0/lib/ruby/gems/2.4.0/gems/actionpack-5.0.1/lib/action_dispatch/middleware/templates/rescues/_trace.html.erb (2.4ms)
  Rendering /usr/local/var/rbenv/versions/2.4.0/lib/ruby/gems/2.4.0/gems/actionpack-5.0.1/lib/action_dispatch/middleware/templates/rescues/_request_and_response.html.erb
  Rendered /usr/local/var/rbenv/versions/2.4.0/lib/ruby/gems/2.4.0/gems/actionpack-5.0.1/lib/action_dispatch/middleware/templates/rescues/_request_and_response.html.erb (17.8ms)
  Rendered /usr/local/var/rbenv/versions/2.4.0/lib/ruby/gems/2.4.0/gems/actionpack-5.0.1/lib/action_dispatch/middleware/templates/rescues/diagnostics.html.erb within rescues/layout (171.3ms)
Started POST "/locations" for ::1 at 2017-03-29 15:41:42 -0500
Processing by LocationsController#create as HTML
  Parameters: {"utf8"=>"✓", "authenticity_token"=>"gwDfeXXLxd0GXQREg6/s/xhIJl6zUQ5dbeKemVIr1SPXGnUf9e0hQWRK+xCJIiPvxvfXqeItYqlRmP3dqSMUnA==", "location"=>{"title"=>"Millennium Park", "address"=>"Millenium Park, Chicago", "description"=>"Cloud Gate"}, "commit"=>"Create Location"}
  [1m[36mUser Load (0.4ms)[0m  [1m[34mSELECT  "users".* FROM "users" WHERE "users"."id" = $1 ORDER BY "users"."id" ASC LIMIT $2[0m  [["id", 1], ["LIMIT", 1]]
  [1m[35m (0.2ms)[0m  [1m[35mBEGIN[0m
  [1m[35mSQL (0.8ms)[0m  [1m[32mINSERT INTO "locations" ("title", "description", "address", "created_at", "updated_at", "latitude", "longitude") VALUES ($1, $2, $3, $4, $5, $6, $7) RETURNING "id"[0m  [["title", "Millennium Park"], ["description", "Cloud Gate"], ["address", "Millenium Park, Chicago"], ["created_at", 2017-03-29 20:41:43 UTC], ["updated_at", 2017-03-29 20:41:43 UTC], ["latitude", 41.8825524], ["longitude", -87.62255139999999]]
  [1m[35m (1.1ms)[0m  [1m[35mCOMMIT[0m
[ActiveJob] Enqueued TextAdminJob (Job ID: ce521d74-69af-490b-af39-201dfb37ba42) to Async(default) with arguments: #<GlobalID:0x007fc71e7ae558 @uri=#<URI::GID gid://public-art/Location/1>>
Redirected to http://localhost:3000/locations/1
Completed 302 Found in 976ms (ActiveRecord: 3.7ms)


Started GET "/locations/1" for ::1 at 2017-03-29 15:41:43 -0500
Processing by LocationsController#show as HTML
  Parameters: {"id"=>"1"}
  [1m[36mLocation Load (0.4ms)[0m  [1m[34mSELECT  "locations".* FROM "locations" WHERE "locations"."id" = $1 LIMIT $2[0m  [["id", 1], ["LIMIT", 1]]
[ActiveJob] [TextAdminJob] [ce521d74-69af-490b-af39-201dfb37ba42] Performing TextAdminJob from Async(default) with arguments: #<GlobalID:0x007fc71fc6b040 @uri=#<URI::GID gid://public-art/Location/1>>
  [1m[36mUser Load (2.1ms)[0m  [1m[34mSELECT  "users".* FROM "users" WHERE "users"."id" = $1 ORDER BY "users"."id" ASC LIMIT $2[0m  [["id", 1], ["LIMIT", 1]]
  [1m[36mLocation Load (0.2ms)[0m  [1m[34mSELECT  "locations".* FROM "locations" WHERE "locations"."id" = $1 LIMIT $2[0m  [["id", 1], ["LIMIT", 1]]
  Rendering locations/show.html.erb within layouts/application
  Rendered locations/_google_map.html.erb (0.5ms)
  Rendered locations/show.html.erb within layouts/application (3.2ms)
  Rendered layouts/_header.html.erb (0.7ms)
Completed 200 OK in 58ms (Views: 23.7ms | ActiveRecord: 2.5ms)


[ActiveJob] [TextAdminJob] [ce521d74-69af-490b-af39-201dfb37ba42] Performed TextAdminJob from Async(default) in 578.91ms
Started GET "/locations/1" for ::1 at 2017-03-29 15:43:00 -0500
  [1m[36mActiveRecord::SchemaMigration Load (0.4ms)[0m  [1m[34mSELECT "schema_migrations".* FROM "schema_migrations"[0m
Processing by LocationsController#show as HTML
  Parameters: {"id"=>"1"}
  [1m[36mUser Load (0.8ms)[0m  [1m[34mSELECT  "users".* FROM "users" WHERE "users"."id" = $1 ORDER BY "users"."id" ASC LIMIT $2[0m  [["id", 1], ["LIMIT", 1]]
  [1m[36mLocation Load (0.4ms)[0m  [1m[34mSELECT  "locations".* FROM "locations" WHERE "locations"."id" = $1 LIMIT $2[0m  [["id", 1], ["LIMIT", 1]]
  Rendering locations/show.html.erb within layouts/application
  Rendered locations/_google_map.html.erb (0.5ms)
  Rendered locations/show.html.erb within layouts/application (7.9ms)
  Rendered layouts/_header.html.erb (0.6ms)
Completed 200 OK in 370ms (Views: 304.3ms | ActiveRecord: 9.1ms)


Started GET "/" for ::1 at 2017-03-29 15:43:03 -0500
Processing by LocationsController#index as HTML
  [1m[36mUser Load (1.2ms)[0m  [1m[34mSELECT  "users".* FROM "users" WHERE "users"."id" = $1 ORDER BY "users"."id" ASC LIMIT $2[0m  [["id", 1], ["LIMIT", 1]]
  Rendering locations/index.html.erb within layouts/application
  [1m[36mLocation Load (0.8ms)[0m  [1m[34mSELECT "locations".* FROM "locations"[0m
  Rendered locations/index.html.erb within layouts/application (6.1ms)
  Rendered layouts/_header.html.erb (0.7ms)
Completed 200 OK in 43ms (Views: 34.6ms | ActiveRecord: 2.0ms)


Started GET "/locations/new" for ::1 at 2017-03-29 15:43:04 -0500
Processing by LocationsController#new as HTML
  [1m[36mUser Load (1.6ms)[0m  [1m[34mSELECT  "users".* FROM "users" WHERE "users"."id" = $1 ORDER BY "users"."id" ASC LIMIT $2[0m  [["id", 1], ["LIMIT", 1]]
  Rendering locations/new.html.erb within layouts/application
  Rendered locations/_form.html.erb (33.3ms)
  Rendered locations/new.html.erb within layouts/application (36.0ms)
  Rendered layouts/_header.html.erb (0.8ms)
Completed 200 OK in 70ms (Views: 63.4ms | ActiveRecord: 1.6ms)


Started POST "/locations" for ::1 at 2017-03-29 15:43:17 -0500
Processing by LocationsController#create as HTML
  Parameters: {"utf8"=>"✓", "authenticity_token"=>"p4289gCKOYza/Amv5XSqqtU4X8fibP5X66E3diM0dkXzlxaQgKzdELjr9vvv+WW6C4euMLMQkqPX21Qy2Dy3+g==", "location"=>{"title"=>"Code Platoon", "address"=>"444 n wabash ave, chicago, il ", "description"=>"code platoon"}, "commit"=>"Create Location"}
  [1m[36mUser Load (2.3ms)[0m  [1m[34mSELECT  "users".* FROM "users" WHERE "users"."id" = $1 ORDER BY "users"."id" ASC LIMIT $2[0m  [["id", 1], ["LIMIT", 1]]
  [1m[35m (0.2ms)[0m  [1m[35mBEGIN[0m
  [1m[35mSQL (0.7ms)[0m  [1m[32mINSERT INTO "locations" ("title", "description", "address", "created_at", "updated_at", "latitude", "longitude") VALUES ($1, $2, $3, $4, $5, $6, $7) RETURNING "id"[0m  [["title", "Code Platoon"], ["description", "code platoon"], ["address", "444 n wabash ave, chicago, il "], ["created_at", 2017-03-29 20:43:19 UTC], ["updated_at", 2017-03-29 20:43:19 UTC], ["latitude", 41.8905501], ["longitude", -87.62684730000001]]
  [1m[35m (1.0ms)[0m  [1m[35mCOMMIT[0m
[ActiveJob] Enqueued TextAdminJob (Job ID: c63f8c84-662f-4cc0-994c-727e4dbc460a) to Async(default) with arguments: #<GlobalID:0x007fcb38dc1f30 @uri=#<URI::GID gid://public-art/Location/2>>
Redirected to http://localhost:3000/locations/2
Completed 302 Found in 1941ms (ActiveRecord: 4.2ms)


  [1m[36mLocation Load (1.1ms)[0m  [1m[34mSELECT  "locations".* FROM "locations" WHERE "locations"."id" = $1 LIMIT $2[0m  [["id", 2], ["LIMIT", 1]]
[ActiveJob] [TextAdminJob] [c63f8c84-662f-4cc0-994c-727e4dbc460a] Performing TextAdminJob from Async(default) with arguments: #<GlobalID:0x007fcb34c52f40 @uri=#<URI::GID gid://public-art/Location/2>>
Started GET "/locations/2" for ::1 at 2017-03-29 15:43:19 -0500
Processing by LocationsController#show as HTML
  Parameters: {"id"=>"2"}
  [1m[36mUser Load (0.7ms)[0m  [1m[34mSELECT  "users".* FROM "users" WHERE "users"."id" = $1 ORDER BY "users"."id" ASC LIMIT $2[0m  [["id", 1], ["LIMIT", 1]]
  [1m[36mLocation Load (0.6ms)[0m  [1m[34mSELECT  "locations".* FROM "locations" WHERE "locations"."id" = $1 LIMIT $2[0m  [["id", 2], ["LIMIT", 1]]
  Rendering locations/show.html.erb within layouts/application
  Rendered locations/_google_map.html.erb (0.5ms)
  Rendered locations/show.html.erb within layouts/application (4.3ms)
  Rendered layouts/_header.html.erb (0.8ms)
Completed 200 OK in 30ms (Views: 23.5ms | ActiveRecord: 1.3ms)


[ActiveJob] [TextAdminJob] [c63f8c84-662f-4cc0-994c-727e4dbc460a] Performed TextAdminJob from Async(default) in 419.99ms
Started GET "/" for ::1 at 2017-03-29 15:54:01 -0500
  [1m[36mActiveRecord::SchemaMigration Load (0.7ms)[0m  [1m[34mSELECT "schema_migrations".* FROM "schema_migrations"[0m
Processing by LocationsController#index as HTML
  [1m[36mUser Load (1.5ms)[0m  [1m[34mSELECT  "users".* FROM "users" WHERE "users"."id" = $1 ORDER BY "users"."id" ASC LIMIT $2[0m  [["id", 1], ["LIMIT", 1]]
  Rendering locations/index.html.erb within layouts/application
  [1m[36mLocation Load (0.5ms)[0m  [1m[34mSELECT "locations".* FROM "locations"[0m
  Rendered locations/index.html.erb within layouts/application (17.2ms)
  Rendered layouts/_header.html.erb (1.1ms)
Completed 200 OK in 332ms (Views: 280.1ms | ActiveRecord: 7.8ms)


Started GET "/locations/new" for ::1 at 2017-03-29 15:54:03 -0500
Processing by LocationsController#new as HTML
  [1m[36mUser Load (0.4ms)[0m  [1m[34mSELECT  "users".* FROM "users" WHERE "users"."id" = $1 ORDER BY "users"."id" ASC LIMIT $2[0m  [["id", 1], ["LIMIT", 1]]
  Rendering locations/new.html.erb within layouts/application
  Rendered locations/_form.html.erb (29.9ms)
  Rendered locations/new.html.erb within layouts/application (34.5ms)
  Rendered layouts/_header.html.erb (0.6ms)
Completed 200 OK in 60ms (Views: 56.4ms | ActiveRecord: 0.4ms)


Started POST "/locations" for ::1 at 2017-03-29 15:54:09 -0500
Processing by LocationsController#create as HTML
  Parameters: {"utf8"=>"✓", "authenticity_token"=>"egTdOO+UwQkbH5xYg9EjK49lX2faSK1SVsJ2vbeGub0uHndeb7IllXkIYwyJXOw7UdqukIs0waZquBX5TI54Ag==", "location"=>{"title"=>"some place", "address"=>"444 n wabash ave, chicago, il ", "description"=>"awofein"}, "commit"=>"Create Location"}
  [1m[36mUser Load (6.0ms)[0m  [1m[34mSELECT  "users".* FROM "users" WHERE "users"."id" = $1 ORDER BY "users"."id" ASC LIMIT $2[0m  [["id", 1], ["LIMIT", 1]]
  [1m[35m (0.1ms)[0m  [1m[35mBEGIN[0m
  [1m[35mSQL (1.9ms)[0m  [1m[32mINSERT INTO "locations" ("title", "description", "address", "created_at", "updated_at", "latitude", "longitude") VALUES ($1, $2, $3, $4, $5, $6, $7) RETURNING "id"[0m  [["title", "some place"], ["description", "awofein"], ["address", "444 n wabash ave, chicago, il "], ["created_at", 2017-03-29 20:54:10 UTC], ["updated_at", 2017-03-29 20:54:10 UTC], ["latitude", 41.8905501], ["longitude", -87.62684730000001]]
  [1m[35m (0.9ms)[0m  [1m[35mCOMMIT[0m
[ActiveJob] Enqueued TextAdminJob (Job ID: 6b972f03-8d01-4393-8ca2-ffe7cb72544a) to Async(default) with arguments: #<GlobalID:0x007ffcccc740b8 @uri=#<URI::GID gid://public-art/Location/3>>
Redirected to http://localhost:3000/locations/3
Completed 302 Found in 1074ms (ActiveRecord: 9.0ms)


Started GET "/locations/3" for ::1 at 2017-03-29 15:54:11 -0500
Processing by LocationsController#show as HTML
  Parameters: {"id"=>"3"}
  [1m[36mUser Load (0.3ms)[0m  [1m[34mSELECT  "users".* FROM "users" WHERE "users"."id" = $1 ORDER BY "users"."id" ASC LIMIT $2[0m  [["id", 1], ["LIMIT", 1]]
  [1m[36mLocation Load (0.2ms)[0m  [1m[34mSELECT  "locations".* FROM "locations" WHERE "locations"."id" = $1 LIMIT $2[0m  [["id", 3], ["LIMIT", 1]]
  [1m[36mLocation Load (2.1ms)[0m  [1m[34mSELECT  "locations".* FROM "locations" WHERE "locations"."id" = $1 LIMIT $2[0m  [["id", 3], ["LIMIT", 1]]
[ActiveJob] [TextAdminJob] [6b972f03-8d01-4393-8ca2-ffe7cb72544a] Performing TextAdminJob from Async(default) with arguments: #<GlobalID:0x007ffcd0e80600 @uri=#<URI::GID gid://public-art/Location/3>>
  Rendering locations/show.html.erb within layouts/application
  Rendered locations/_google_map.html.erb (0.8ms)
  Rendered locations/show.html.erb within layouts/application (3.5ms)
  Rendered layouts/_header.html.erb (2.2ms)
Completed 200 OK in 36ms (Views: 26.7ms | ActiveRecord: 0.8ms)


[ActiveJob] [TextAdminJob] [6b972f03-8d01-4393-8ca2-ffe7cb72544a] Performed TextAdminJob from Async(default) in 819.33ms
Started GET "/" for ::1 at 2017-03-29 16:30:47 -0500
  [1m[36mActiveRecord::SchemaMigration Load (0.4ms)[0m  [1m[34mSELECT "schema_migrations".* FROM "schema_migrations"[0m
Processing by LocationsController#index as HTML
  [1m[36mUser Load (0.7ms)[0m  [1m[34mSELECT  "users".* FROM "users" WHERE "users"."id" = $1 ORDER BY "users"."id" ASC LIMIT $2[0m  [["id", 1], ["LIMIT", 1]]
  Rendering locations/index.html.erb within layouts/application
  [1m[36mLocation Load (0.5ms)[0m  [1m[34mSELECT "locations".* FROM "locations"[0m
  Rendered locations/index.html.erb within layouts/application (16.9ms)
  Rendered layouts/_header.html.erb (0.9ms)
Completed 200 OK in 250ms (Views: 203.1ms | ActiveRecord: 6.5ms)


Started GET "/locations/new" for ::1 at 2017-03-29 16:30:55 -0500
Processing by LocationsController#new as HTML
  [1m[36mUser Load (0.4ms)[0m  [1m[34mSELECT  "users".* FROM "users" WHERE "users"."id" = $1 ORDER BY "users"."id" ASC LIMIT $2[0m  [["id", 1], ["LIMIT", 1]]
  Rendering locations/new.html.erb within layouts/application
  Rendered locations/_form.html.erb (30.0ms)
  Rendered locations/new.html.erb within layouts/application (32.6ms)
  Rendered layouts/_header.html.erb (0.7ms)
Completed 200 OK in 66ms (Views: 62.0ms | ActiveRecord: 0.4ms)


Started POST "/locations" for ::1 at 2017-03-29 16:31:08 -0500
Processing by LocationsController#create as HTML
  Parameters: {"utf8"=>"✓", "authenticity_token"=>"/4EFFIlGs4sT1fPLsnVEIu2X2jcFtbOiF5wThprI/Umrm69yCWBXF3HCDJ+4+IsyMygrwFTJ31Yr5nDCYcA89g==", "location"=>{"title"=>"Bay area", "address"=>"san francisco, ca", "description"=>"silicon valley"}, "commit"=>"Create Location"}
  [1m[36mUser Load (3.4ms)[0m  [1m[34mSELECT  "users".* FROM "users" WHERE "users"."id" = $1 ORDER BY "users"."id" ASC LIMIT $2[0m  [["id", 1], ["LIMIT", 1]]
  [1m[35m (0.2ms)[0m  [1m[35mBEGIN[0m
  [1m[35mSQL (2.1ms)[0m  [1m[32mINSERT INTO "locations" ("title", "description", "address", "created_at", "updated_at", "latitude", "longitude") VALUES ($1, $2, $3, $4, $5, $6, $7) RETURNING "id"[0m  [["title", "Bay area"], ["description", "silicon valley"], ["address", "san francisco, ca"], ["created_at", 2017-03-29 21:31:09 UTC], ["updated_at", 2017-03-29 21:31:09 UTC], ["latitude", 37.7749295], ["longitude", -122.4194155]]
  [1m[35m (0.5ms)[0m  [1m[35mCOMMIT[0m
[ActiveJob] Enqueued TextAdminJob (Job ID: 53fdbaba-7771-4ea1-8b82-2a233b6fcd8e) to Resque(default) with arguments: #<GlobalID:0x007fd6e68a6168 @uri=#<URI::GID gid://public-art/Location/4>>
Redirected to http://localhost:3000/locations/4
Completed 302 Found in 878ms (ActiveRecord: 6.3ms)


Started GET "/locations/4" for ::1 at 2017-03-29 16:31:09 -0500
Processing by LocationsController#show as HTML
  Parameters: {"id"=>"4"}
  [1m[36mUser Load (0.4ms)[0m  [1m[34mSELECT  "users".* FROM "users" WHERE "users"."id" = $1 ORDER BY "users"."id" ASC LIMIT $2[0m  [["id", 1], ["LIMIT", 1]]
  [1m[36mLocation Load (0.2ms)[0m  [1m[34mSELECT  "locations".* FROM "locations" WHERE "locations"."id" = $1 LIMIT $2[0m  [["id", 4], ["LIMIT", 1]]
  Rendering locations/show.html.erb within layouts/application
  Rendered locations/_google_map.html.erb (0.5ms)
  Rendered locations/show.html.erb within layouts/application (3.1ms)
  Rendered layouts/_header.html.erb (0.6ms)
Completed 200 OK in 30ms (Views: 23.0ms | ActiveRecord: 0.9ms)


  [1m[36mLocation Load (0.5ms)[0m  [1m[34mSELECT  "locations".* FROM "locations" WHERE "locations"."id" = $1 LIMIT $2[0m  [["id", 13], ["LIMIT", 1]]
  [1m[36mLocation Load (0.5ms)[0m  [1m[34mSELECT  "locations".* FROM "locations" WHERE "locations"."id" = $1 LIMIT $2[0m  [["id", 14], ["LIMIT", 1]]
  [1m[36mLocation Load (0.5ms)[0m  [1m[34mSELECT  "locations".* FROM "locations" WHERE "locations"."id" = $1 LIMIT $2[0m  [["id", 13], ["LIMIT", 1]]
  [1m[36mLocation Load (0.5ms)[0m  [1m[34mSELECT  "locations".* FROM "locations" WHERE "locations"."id" = $1 LIMIT $2[0m  [["id", 14], ["LIMIT", 1]]
  [1m[36mLocation Load (0.5ms)[0m  [1m[34mSELECT  "locations".* FROM "locations" WHERE "locations"."id" = $1 LIMIT $2[0m  [["id", 13], ["LIMIT", 1]]
  [1m[36mLocation Load (0.5ms)[0m  [1m[34mSELECT  "locations".* FROM "locations" WHERE "locations"."id" = $1 LIMIT $2[0m  [["id", 14], ["LIMIT", 1]]
  [1m[36mLocation Load (0.5ms)[0m  [1m[34mSELECT  "locations".* FROM "locations" WHERE "locations"."id" = $1 LIMIT $2[0m  [["id", 4], ["LIMIT", 1]]
[ActiveJob] [TextAdminJob] [53fdbaba-7771-4ea1-8b82-2a233b6fcd8e] Performing TextAdminJob from Resque(default) with arguments: #<GlobalID:0x007f8e8ebbbe48 @uri=#<URI::GID gid://public-art/Location/4>>
[ActiveJob] [TextAdminJob] [53fdbaba-7771-4ea1-8b82-2a233b6fcd8e] Performed TextAdminJob from Resque(default) in 643.16ms
Started GET "/" for ::1 at 2017-03-29 16:34:56 -0500
  [1m[36mActiveRecord::SchemaMigration Load (0.5ms)[0m  [1m[34mSELECT "schema_migrations".* FROM "schema_migrations"[0m
Processing by LocationsController#index as HTML
  [1m[36mUser Load (0.7ms)[0m  [1m[34mSELECT  "users".* FROM "users" WHERE "users"."id" = $1 ORDER BY "users"."id" ASC LIMIT $2[0m  [["id", 1], ["LIMIT", 1]]
  Rendering locations/index.html.erb within layouts/application
  [1m[36mLocation Load (0.4ms)[0m  [1m[34mSELECT "locations".* FROM "locations"[0m
  Rendered locations/index.html.erb within layouts/application (16.6ms)
  Rendered layouts/_header.html.erb (1.0ms)
Completed 200 OK in 335ms (Views: 274.2ms | ActiveRecord: 7.2ms)


Started GET "/" for ::1 at 2017-03-29 16:34:59 -0500
Processing by LocationsController#index as HTML
  [1m[36mUser Load (1.3ms)[0m  [1m[34mSELECT  "users".* FROM "users" WHERE "users"."id" = $1 ORDER BY "users"."id" ASC LIMIT $2[0m  [["id", 1], ["LIMIT", 1]]
  Rendering locations/index.html.erb within layouts/application
  [1m[36mLocation Load (0.5ms)[0m  [1m[34mSELECT "locations".* FROM "locations"[0m
  Rendered locations/index.html.erb within layouts/application (3.0ms)
  Rendered layouts/_header.html.erb (0.6ms)
Completed 200 OK in 32ms (Views: 26.3ms | ActiveRecord: 1.8ms)


Started GET "/" for ::1 at 2017-03-29 16:35:01 -0500
Processing by LocationsController#index as HTML
  [1m[36mUser Load (1.0ms)[0m  [1m[34mSELECT  "users".* FROM "users" WHERE "users"."id" = $1 ORDER BY "users"."id" ASC LIMIT $2[0m  [["id", 1], ["LIMIT", 1]]
  Rendering locations/index.html.erb within layouts/application
  [1m[36mLocation Load (0.5ms)[0m  [1m[34mSELECT "locations".* FROM "locations"[0m
  Rendered locations/index.html.erb within layouts/application (2.7ms)
  Rendered layouts/_header.html.erb (0.8ms)
Completed 200 OK in 30ms (Views: 25.5ms | ActiveRecord: 1.4ms)


Started GET "/locations/new" for ::1 at 2017-03-29 16:35:02 -0500
Processing by LocationsController#new as HTML
  [1m[36mUser Load (1.1ms)[0m  [1m[34mSELECT  "users".* FROM "users" WHERE "users"."id" = $1 ORDER BY "users"."id" ASC LIMIT $2[0m  [["id", 1], ["LIMIT", 1]]
  Rendering locations/new.html.erb within layouts/application
  Rendered locations/_form.html.erb (26.1ms)
  Rendered locations/new.html.erb within layouts/application (33.5ms)
  Rendered layouts/_header.html.erb (1.2ms)
Completed 200 OK in 64ms (Views: 58.4ms | ActiveRecord: 1.1ms)


Started POST "/locations" for ::1 at 2017-03-29 16:35:15 -0500
Processing by LocationsController#create as HTML
  Parameters: {"utf8"=>"✓", "authenticity_token"=>"jZp0Uf3+WEsOHeuxvs/E+4/9LwjQff+kF/5HAWdnll7ZgN43fdi812wKFOW0QgvrUULe/4EBk1ArhCRFnG9X4Q==", "location"=>{"title"=>"some place", "address"=>"cleveland, oh", "description"=>"yo!"}, "commit"=>"Create Location"}
  [1m[36mUser Load (1.6ms)[0m  [1m[34mSELECT  "users".* FROM "users" WHERE "users"."id" = $1 ORDER BY "users"."id" ASC LIMIT $2[0m  [["id", 1], ["LIMIT", 1]]
  [1m[35m (0.2ms)[0m  [1m[35mBEGIN[0m
  [1m[35mSQL (1.1ms)[0m  [1m[32mINSERT INTO "locations" ("title", "description", "address", "created_at", "updated_at", "latitude", "longitude") VALUES ($1, $2, $3, $4, $5, $6, $7) RETURNING "id"[0m  [["title", "some place"], ["description", "yo!"], ["address", "cleveland, oh"], ["created_at", 2017-03-29 21:35:15 UTC], ["updated_at", 2017-03-29 21:35:15 UTC], ["latitude", 41.49932], ["longitude", -81.6943605]]
  [1m[35m (1.0ms)[0m  [1m[35mCOMMIT[0m
[ActiveJob] Enqueued TextAdminJob (Job ID: be406d45-9b66-42a8-a703-b39b129f13b8) to Resque(default) with arguments: #<GlobalID:0x007fe7af8ab0a8 @uri=#<URI::GID gid://public-art/Location/5>>
Redirected to http://localhost:5100/locations/5
Completed 302 Found in 775ms (ActiveRecord: 3.9ms)


Started GET "/locations/5" for ::1 at 2017-03-29 16:35:15 -0500
Processing by LocationsController#show as HTML
  Parameters: {"id"=>"5"}
  [1m[36mUser Load (0.4ms)[0m  [1m[34mSELECT  "users".* FROM "users" WHERE "users"."id" = $1 ORDER BY "users"."id" ASC LIMIT $2[0m  [["id", 1], ["LIMIT", 1]]
  [1m[36mLocation Load (0.3ms)[0m  [1m[34mSELECT  "locations".* FROM "locations" WHERE "locations"."id" = $1 LIMIT $2[0m  [["id", 5], ["LIMIT", 1]]
  Rendering locations/show.html.erb within layouts/application
  Rendered locations/_google_map.html.erb (1.0ms)
  Rendered locations/show.html.erb within layouts/application (4.2ms)
  Rendered layouts/_header.html.erb (0.7ms)
Completed 200 OK in 35ms (Views: 27.0ms | ActiveRecord: 0.8ms)


  [1m[36mLocation Load (1.1ms)[0m  [1m[34mSELECT  "locations".* FROM "locations" WHERE "locations"."id" = $1 LIMIT $2[0m  [["id", 5], ["LIMIT", 1]]
[ActiveJob] [TextAdminJob] [be406d45-9b66-42a8-a703-b39b129f13b8] Performing TextAdminJob from Resque(default) with arguments: #<GlobalID:0x007f7fb59acb08 @uri=#<URI::GID gid://public-art/Location/5>>
[ActiveJob] [TextAdminJob] [be406d45-9b66-42a8-a703-b39b129f13b8] Performed TextAdminJob from Resque(default) in 539.11ms
  [1m[35m (0.7ms)[0m  [1m[35mDROP DATABASE IF EXISTS "public-art_development"[0m
  [1m[35m (0.1ms)[0m  [1m[35mDROP DATABASE IF EXISTS "public-art_test"[0m
  [1m[35m (13.2ms)[0m  [1m[35mCREATE TABLE "schema_migrations" ("version" character varying PRIMARY KEY)[0m
  [1m[35m (19.9ms)[0m  [1m[35mCREATE TABLE "ar_internal_metadata" ("key" character varying PRIMARY KEY, "value" character varying, "created_at" timestamp NOT NULL, "updated_at" timestamp NOT NULL)[0m
  [1m[35m (0.4ms)[0m  [1m[34mSELECT pg_try_advisory_lock(6842363107111561470);[0m
  [1m[36mActiveRecord::SchemaMigration Load (0.3ms)[0m  [1m[34mSELECT "schema_migrations".* FROM "schema_migrations"[0m
Migrating to DeviseCreateUsers (20170301222957)
  [1m[35m (0.1ms)[0m  [1m[35mBEGIN[0m
  [1m[35m (16.3ms)[0m  [1m[35mCREATE TABLE "users" ("id" serial primary key, "email" character varying DEFAULT '' NOT NULL, "encrypted_password" character varying DEFAULT '' NOT NULL, "reset_password_token" character varying, "reset_password_sent_at" timestamp, "remember_created_at" timestamp, "sign_in_count" integer DEFAULT 0 NOT NULL, "current_sign_in_at" timestamp, "last_sign_in_at" timestamp, "current_sign_in_ip" inet, "last_sign_in_ip" inet, "created_at" timestamp NOT NULL, "updated_at" timestamp NOT NULL)[0m
  [1m[35m (6.0ms)[0m  [1m[35mCREATE UNIQUE INDEX  "index_users_on_email" ON "users"  ("email")[0m
  [1m[35m (1.1ms)[0m  [1m[35mCREATE UNIQUE INDEX  "index_users_on_reset_password_token" ON "users"  ("reset_password_token")[0m
  [1m[35mSQL (0.4ms)[0m  [1m[32mINSERT INTO "schema_migrations" ("version") VALUES ($1) RETURNING "version"[0m  [["version", "20170301222957"]]
  [1m[35m (0.5ms)[0m  [1m[35mCOMMIT[0m
Migrating to CreateLocations (20170301225833)
  [1m[35m (0.3ms)[0m  [1m[35mBEGIN[0m
  [1m[35m (3.6ms)[0m  [1m[35mCREATE TABLE "locations" ("id" serial primary key, "title" text, "description" text, "address" text, "created_at" timestamp NOT NULL, "updated_at" timestamp NOT NULL)[0m
  [1m[35mSQL (0.3ms)[0m  [1m[32mINSERT INTO "schema_migrations" ("version") VALUES ($1) RETURNING "version"[0m  [["version", "20170301225833"]]
  [1m[35m (0.4ms)[0m  [1m[35mCOMMIT[0m
Migrating to AddLatAndLngToLocations (20170307214317)
  [1m[35m (0.2ms)[0m  [1m[35mBEGIN[0m
  [1m[35m (0.8ms)[0m  [1m[35mALTER TABLE "locations" ADD "latitude" float[0m
  [1m[35m (0.2ms)[0m  [1m[35mALTER TABLE "locations" ADD "longitude" float[0m
  [1m[35mSQL (0.3ms)[0m  [1m[32mINSERT INTO "schema_migrations" ("version") VALUES ($1) RETURNING "version"[0m  [["version", "20170307214317"]]
  [1m[35m (0.3ms)[0m  [1m[35mCOMMIT[0m
  [1m[36mActiveRecord::InternalMetadata Load (0.3ms)[0m  [1m[34mSELECT  "ar_internal_metadata".* FROM "ar_internal_metadata" WHERE "ar_internal_metadata"."key" = $1 LIMIT $2[0m  [["key", :environment], ["LIMIT", 1]]
  [1m[35m (0.1ms)[0m  [1m[35mBEGIN[0m
  [1m[35mSQL (0.5ms)[0m  [1m[32mINSERT INTO "ar_internal_metadata" ("key", "value", "created_at", "updated_at") VALUES ($1, $2, $3, $4) RETURNING "key"[0m  [["key", "environment"], ["value", "development"], ["created_at", 2017-04-03 13:33:00 UTC], ["updated_at", 2017-04-03 13:33:00 UTC]]
  [1m[35m (0.2ms)[0m  [1m[35mCOMMIT[0m
  [1m[35m (0.2ms)[0m  [1m[34mSELECT pg_advisory_unlock(6842363107111561470)[0m
  [1m[36mActiveRecord::SchemaMigration Load (0.2ms)[0m  [1m[34mSELECT "schema_migrations".* FROM "schema_migrations"[0m
  [1m[36mActiveRecord::SchemaMigration Load (0.3ms)[0m  [1m[34mSELECT "schema_migrations".* FROM "schema_migrations"[0m
